[06/Jun/2016 11:46:19] INFO [login.views:1032] User rchoi@akamai.com searched for chirag/ch1/abr
[06/Jun/2016 12:20:55] INFO [login.views:702] User rchoi@akamai.com searched for chirag/ch1/5000k
[06/Jun/2016 12:21:02] INFO [login.views:702] User rchoi@akamai.com searched for chirag/ch1/5000k
[06/Jun/2016 12:36:31] INFO [login.views:1032] User rchoi@akamai.com searched for chirag/ch1/5000k
[06/Jun/2016 12:36:52] INFO [login.views:1032] User rchoi@akamai.com searched for chirag/ch1/5000k
[06/Jun/2016 12:36:58] INFO [login.views:1032] User rchoi@akamai.com searched for chirag/ch1/abr
[06/Jun/2016 12:37:22] INFO [login.views:1032] User rchoi@akamai.com searched for chirag/ch1/5000k
[06/Jun/2016 12:38:34] INFO [login.views:1032] User rchoi@akamai.com searched for chirag/ch1/5000k
[06/Jun/2016 12:38:59] INFO [login.views:1032] User rchoi@akamai.com searched for chirag/ch1/5000k
[06/Jun/2016 12:39:50] INFO [login.views:1032] User rchoi@akamai.com searched for chirag/ch1/5000k
[06/Jun/2016 12:39:58] INFO [login.views:1032] User rchoi@akamai.com searched for chirag/ch1/5000k
[06/Jun/2016 12:40:14] INFO [login.views:1032] User rchoi@akamai.com searched for chirag/ch1/5000k
[06/Jun/2016 12:40:33] INFO [login.views:1032] User rchoi@akamai.com searched for chirag/ch1/5000k
[06/Jun/2016 12:40:57] INFO [login.views:1032] User rchoi@akamai.com searched for chirag/ch1/5000k
[06/Jun/2016 12:41:18] INFO [login.views:1032] User rchoi@akamai.com searched for chirag/ch1/5000k
[06/Jun/2016 12:41:27] INFO [login.views:1032] User rchoi@akamai.com searched for chirag/ch1/5000k
[06/Jun/2016 12:41:46] INFO [login.views:1032] User rchoi@akamai.com searched for chirag/ch1/5000k
[06/Jun/2016 12:42:00] INFO [login.views:1032] User rchoi@akamai.com searched for chirag/ch1/5000k
[06/Jun/2016 12:42:16] INFO [login.views:1032] User rchoi@akamai.com searched for chirag/ch1/5000k
[06/Jun/2016 12:42:27] INFO [login.views:1032] User rchoi@akamai.com searched for chirag/ch1/5000k
[06/Jun/2016 12:42:41] INFO [login.views:1032] User rchoi@akamai.com searched for chirag/ch1/5000k
[06/Jun/2016 12:42:59] INFO [login.views:1032] User rchoi@akamai.com searched for chirag/ch1/6000k
[06/Jun/2016 12:44:02] INFO [login.views:1032] User rchoi@akamai.com searched for chirag/ch1/5000k
[06/Jun/2016 12:44:19] INFO [login.views:1032] User rchoi@akamai.com searched for chirag/ch1/5000k
[06/Jun/2016 12:44:32] INFO [login.views:1032] User rchoi@akamai.com searched for chirag/ch1/5000k
[06/Jun/2016 12:45:31] INFO [login.views:1032] User rchoi@akamai.com searched for chirag/ch1/5000k
[06/Jun/2016 12:45:39] INFO [login.views:1032] User rchoi@akamai.com searched for chirag/ch1/5000k
[06/Jun/2016 12:45:53] INFO [login.views:1032] User rchoi@akamai.com searched for chirag/ch1/5000k
[06/Jun/2016 12:46:21] INFO [login.views:1032] User rchoi@akamai.com searched for chirag/ch1/5000k
[06/Jun/2016 12:46:36] INFO [login.views:1032] User rchoi@akamai.com searched for chirag/ch1/abr
[06/Jun/2016 12:46:50] INFO [login.views:1032] User rchoi@akamai.com searched for chirag/ch1/abr
[06/Jun/2016 12:59:22] INFO [login.views:1032] User rchoi@akamai.com searched for chirag/ch1/5000k
[06/Jun/2016 13:00:44] INFO [login.views:1032] User rchoi@akamai.com searched for chirag/ch1/5000k
[06/Jun/2016 13:01:58] INFO [login.views:1032] User rchoi@akamai.com searched for chirag/ch1/5000k
[06/Jun/2016 13:03:21] INFO [login.views:1032] User rchoi@akamai.com searched for chirag/ch1/5000k
[06/Jun/2016 13:03:33] INFO [login.views:1032] User rchoi@akamai.com searched for chirag/ch1/5000k
[06/Jun/2016 13:06:19] INFO [login.views:1032] User rchoi@akamai.com searched for chirag/ch1/5000k
[06/Jun/2016 13:06:39] INFO [login.views:1032] User rchoi@akamai.com searched for chirag/ch1/*
[06/Jun/2016 13:18:41] INFO [login.views:1032] User rchoi@akamai.com searched for chirag/ch1/5000k
[06/Jun/2016 13:18:53] INFO [login.views:1032] User rchoi@akamai.com searched for chirag/ch1/5000k
[06/Jun/2016 13:18:59] INFO [login.views:1032] User rchoi@akamai.com searched for chirag/ch1/5000k/forwardp
[06/Jun/2016 13:19:12] INFO [login.views:1032] User rchoi@akamai.com searched for chirag/ch1/5000k
[06/Jun/2016 13:19:21] INFO [login.views:1032] User rchoi@akamai.com searched for chirag/ch1/5000k/forwardp
[06/Jun/2016 13:19:31] INFO [login.views:1032] User rchoi@akamai.com searched for chirag/ch1/5000k/forwardp
[06/Jun/2016 13:19:35] INFO [login.views:1032] User rchoi@akamai.com searched for chirag/ch1/5000k
[06/Jun/2016 13:20:08] INFO [login.views:1032] User rchoi@akamai.com searched for chirag/ch1/5000k
[06/Jun/2016 13:20:29] INFO [login.views:1032] User rchoi@akamai.com searched for chirag/ch1/5000k
[06/Jun/2016 13:20:45] INFO [login.views:1032] User rchoi@akamai.com searched for chirag/ch1/5000k
[06/Jun/2016 13:21:11] INFO [login.views:1032] User rchoi@akamai.com searched for chirag/ch1/5000k
[06/Jun/2016 13:23:40] INFO [login.views:1032] User rchoi@akamai.com searched for chirag/ch1/5000k
[06/Jun/2016 13:30:30] INFO [login.views:1032] User rchoi@akamai.com searched for chirag/ch1/5000k
[06/Jun/2016 13:37:24] INFO [login.views:1028] User rchoi@akamai.com searched for chirag/ch1/5000k
[06/Jun/2016 13:37:26] INFO [login.views:1028] User rchoi@akamai.com searched for chirag/ch1/5000k
[06/Jun/2016 13:38:41] INFO [login.views:1028] User rchoi@akamai.com searched for chirag/ch1/5000k
[06/Jun/2016 13:39:30] INFO [login.views:1028] User rchoi@akamai.com searched for chirag/ch1/5000k
[06/Jun/2016 13:39:32] INFO [login.views:1028] User rchoi@akamai.com searched for chirag/ch1/5000k
[06/Jun/2016 13:39:54] INFO [login.views:1028] User rchoi@akamai.com searched for chirag/ch1/5000k
[06/Jun/2016 13:39:59] INFO [login.views:1028] User rchoi@akamai.com searched for chirag/ch1/5000k
[06/Jun/2016 13:41:01] INFO [login.views:1028] User rchoi@akamai.com searched for chirag/ch1/5000k
[06/Jun/2016 13:41:17] INFO [login.views:1028] User rchoi@akamai.com searched for chirag/ch1/5000k
[06/Jun/2016 13:41:31] INFO [login.views:1028] User rchoi@akamai.com searched for chirag/ch1/5000k
[06/Jun/2016 13:41:46] INFO [login.views:1028] User rchoi@akamai.com searched for chirag/ch1/5000k
[06/Jun/2016 13:42:02] INFO [login.views:1028] User rchoi@akamai.com searched for chirag/ch1/5000k
[06/Jun/2016 13:42:50] INFO [login.views:1028] User rchoi@akamai.com searched for chirag/ch1/5000k
[06/Jun/2016 13:42:54] INFO [login.views:1028] User rchoi@akamai.com searched for chirag/ch1/5000k
[06/Jun/2016 13:43:18] INFO [login.views:1028] User rchoi@akamai.com searched for chirag/ch1/5000k
[06/Jun/2016 13:44:12] INFO [login.views:1028] User rchoi@akamai.com searched for chirag/ch1/5000k
[06/Jun/2016 13:44:42] INFO [login.views:1028] User rchoi@akamai.com searched for chirag/ch1/5000k
[06/Jun/2016 13:46:10] INFO [login.views:1028] User rchoi@akamai.com searched for chirag/ch1/5000k
[06/Jun/2016 13:46:34] INFO [login.views:1028] User rchoi@akamai.com searched for chirag/ch1/5000k
[06/Jun/2016 13:46:39] INFO [login.views:1028] User rchoi@akamai.com searched for chirag/ch1/5000k
[06/Jun/2016 13:46:45] INFO [login.views:1028] User rchoi@akamai.com searched for chirag/ch1/5000k
[06/Jun/2016 13:47:08] INFO [login.views:1028] User rchoi@akamai.com searched for chirag/ch1/5000k
[06/Jun/2016 13:48:53] INFO [login.views:1028] User rchoi@akamai.com searched for chirag/ch1/5000k
[06/Jun/2016 13:52:09] INFO [login.views:1028] User rchoi@akamai.com searched for chirag/ch1/5000k
[06/Jun/2016 13:53:28] INFO [login.views:1028] User rchoi@akamai.com searched for chirag/ch1/5000k
[06/Jun/2016 13:53:40] INFO [login.views:1028] User rchoi@akamai.com searched for chirag/ch1/5000k
[06/Jun/2016 13:54:17] INFO [login.views:1028] User rchoi@akamai.com searched for chirag/ch1/5000k
[06/Jun/2016 13:54:21] INFO [login.views:1028] User rchoi@akamai.com searched for chirag/ch1/5000k
[06/Jun/2016 13:54:52] INFO [login.views:1028] User rchoi@akamai.com searched for chirag/ch1/5000k
[06/Jun/2016 13:55:22] INFO [login.views:1028] User rchoi@akamai.com searched for chirag/ch1/5000k
[06/Jun/2016 13:55:26] INFO [login.views:1028] User rchoi@akamai.com searched for chirag/ch1/5000k
[06/Jun/2016 13:56:32] INFO [login.views:1028] User rchoi@akamai.com searched for chirag/ch1/5000k
[06/Jun/2016 13:57:04] INFO [login.views:1028] User rchoi@akamai.com searched for chirag/ch1/5000k
[06/Jun/2016 13:57:09] INFO [login.views:1028] User rchoi@akamai.com searched for chirag/ch1/5000k
[06/Jun/2016 13:57:28] INFO [login.views:1028] User rchoi@akamai.com searched for chirag/ch1/5000k
[06/Jun/2016 13:58:04] INFO [login.views:1028] User rchoi@akamai.com searched for chirag/ch1/5000k
[06/Jun/2016 14:00:23] INFO [login.views:1028] User rchoi@akamai.com searched for chirag/ch1/5000k
[06/Jun/2016 14:03:16] INFO [login.views:1028] User rchoi@akamai.com searched for chirag/ch1/5000k
[06/Jun/2016 14:03:17] INFO [login.views:1028] User rchoi@akamai.com searched for chirag/ch1/5000k
[06/Jun/2016 14:03:19] INFO [login.views:1028] User rchoi@akamai.com searched for chirag/ch1/5000k
[06/Jun/2016 14:03:23] INFO [login.views:1028] User rchoi@akamai.com searched for chirag/ch1/5000k
[06/Jun/2016 14:21:33] INFO [login.views:1028] User rchoi@akamai.com searched for chirag/ch1/5000k
[06/Jun/2016 14:23:04] INFO [login.views:1028] User rchoi@akamai.com searched for chirag/ch1/5000k
[06/Jun/2016 14:23:19] INFO [login.views:1028] User rchoi@akamai.com searched for chirag/ch1/5000k
[06/Jun/2016 16:54:40] INFO [login.views:544] User rchoi@akamai.com created stream QACustomer/live/200k
[06/Jun/2016 16:54:51] INFO [login.views:544] User rchoi@akamai.com created stream QACustomer/live/300k
[06/Jun/2016 16:55:00] INFO [login.views:559] User rchoi@akamai.com created stream QACustomer/live/300k/abr
[06/Jun/2016 17:39:43] INFO [login.views:1028] User rchoi@akamai.com searched for chirag/ch1/5000k
[06/Jun/2016 17:41:44] INFO [login.views:1028] User rchoi@akamai.com searched for chirag/ch1/5000k
[06/Jun/2016 17:42:33] INFO [login.views:1028] User rchoi@akamai.com searched for chirag/ch1/5000k
[06/Jun/2016 17:42:40] INFO [login.views:1028] User rchoi@akamai.com searched for chirag/ch1/5000k
[06/Jun/2016 17:43:15] INFO [login.views:1028] User rchoi@akamai.com searched for chirag/ch1/5000k
[06/Jun/2016 17:43:27] INFO [login.views:1028] User rchoi@akamai.com searched for chirag/ch1/5000k
[06/Jun/2016 17:44:10] INFO [login.views:1028] User rchoi@akamai.com searched for chirag/ch1/5000k
[06/Jun/2016 17:44:44] INFO [login.views:1028] User rchoi@akamai.com searched for chirag/ch1/5000k
[06/Jun/2016 17:50:42] INFO [login.views:1028] User rchoi@akamai.com searched for chirag/ch1/5000k
[06/Jun/2016 17:54:45] INFO [login.views:1028] User rchoi@akamai.com searched for chirag/ch1/5000k
[06/Jun/2016 17:59:10] INFO [login.views:1028] User rchoi@akamai.com searched for chirag/ch1/5000k
[06/Jun/2016 17:59:16] INFO [login.views:1028] User rchoi@akamai.com searched for chirag/ch1/5000k
[06/Jun/2016 17:59:22] INFO [login.views:1028] User rchoi@akamai.com searched for chirag/ch1/5000k
[06/Jun/2016 17:59:29] INFO [login.views:1028] User rchoi@akamai.com searched for chirag/ch1/5000k
[06/Jun/2016 18:12:50] INFO [login.views:1028] User rchoi@akamai.com searched for chirag/ch1/5000k
[06/Jun/2016 19:29:31] INFO [login.views:546] User rchoi@akamai.com created stream QACustomer/live/202k
[06/Jun/2016 19:29:31] INFO [login.views:570] User rchoi@akamai.com created streams [u'Stream Name is octoshape://streams.octoshape.net/QACustomer/live/202k and the bitrate is  262k']
[06/Jun/2016 19:52:26] INFO [login.views:1031] User rchoi@akamai.com searched for chirag/ch1/5000k
[06/Jun/2016 19:52:31] INFO [login.views:1031] User rchoi@akamai.com searched for chirag/ch1/5000k
[06/Jun/2016 19:52:44] INFO [login.views:1031] User rchoi@akamai.com searched for chirag/ch1/5000k
[06/Jun/2016 19:53:07] INFO [login.views:1031] User rchoi@akamai.com searched for chirag/ch1/5000k
[06/Jun/2016 19:53:16] INFO [login.views:1031] User rchoi@akamai.com searched for chirag/ch1/5000k
[06/Jun/2016 19:53:33] INFO [login.views:1031] User rchoi@akamai.com searched for chirag/ch1/5000k
[06/Jun/2016 19:53:55] INFO [login.views:1031] User rchoi@akamai.com searched for chirag/ch1/5000k
[06/Jun/2016 19:55:10] INFO [login.views:1031] User rchoi@akamai.com searched for chirag/ch1/5000k
[06/Jun/2016 19:55:38] INFO [login.views:1031] User rchoi@akamai.com searched for chirag/ch1/5000k
[06/Jun/2016 19:55:43] INFO [login.views:1031] User rchoi@akamai.com searched for chirag/ch1/5000k
[06/Jun/2016 19:55:48] INFO [login.views:1031] User rchoi@akamai.com searched for chirag/ch1/6000k
[06/Jun/2016 19:55:56] INFO [login.views:1031] User rchoi@akamai.com searched for chirag/ch1/abr
[06/Jun/2016 19:56:00] INFO [login.views:1031] User rchoi@akamai.com searched for chirag/ch1/abr
[06/Jun/2016 19:56:12] INFO [login.views:1031] User rchoi@akamai.com searched for chirag/ch1/abr
[06/Jun/2016 19:56:19] INFO [login.views:1031] User rchoi@akamai.com searched for chirag/ch1/4500k
[06/Jun/2016 21:23:41] INFO [login.views:1031] User rchoi@akamai.com searched for bwpass/bwpass/live/qa/solutionarchitect/200k
[06/Jun/2016 21:23:47] INFO [login.views:1031] User rchoi@akamai.com searched for bwpass/bwpass/live/qa/solutionarchitect/300k
[06/Jun/2016 21:23:53] INFO [login.views:1031] User rchoi@akamai.com searched for bwpass/live/chirag/203k
[06/Jun/2016 21:24:00] INFO [login.views:1031] User rchoi@akamai.com searched for bwpass/live/chirag/205k
[06/Jun/2016 21:24:06] INFO [login.views:1031] User rchoi@akamai.com searched for bwpass/live/chirag/214k
[06/Jun/2016 21:24:12] INFO [login.views:1031] User rchoi@akamai.com searched for bwpass/bwpass/live/qa/solutionarchitect/200k
[06/Jun/2016 21:24:18] INFO [login.views:704] User rchoi@akamai.com searched for bwpass/bwpass/live/qa/solutionarchitect/200k
[06/Jun/2016 21:24:25] INFO [login.views:704] User rchoi@akamai.com searched for bwpass/live/chirag/200k
[06/Jun/2016 21:25:11] INFO [login.views:1031] User rchoi@akamai.com searched for bwpass/bwpass/live/qa/solutionarchitect/300k
[06/Jun/2016 21:25:18] INFO [login.views:1031] User rchoi@akamai.com searched for bwpass/bwpass/live/qa/solutionarchitect/abr
[06/Jun/2016 21:27:40] INFO [login.views:1031] User rchoi@akamai.com searched for bwpass/bwpass/live/qa/solutionarchitect/200k
[06/Jun/2016 21:27:44] INFO [login.views:1031] User rchoi@akamai.com searched for bwpass/bwpass/live/qa/solutionarchitect/abr
[06/Jun/2016 21:30:00] INFO [login.views:1031] User rchoi@akamai.com searched for chirag/ch1/5000k
[06/Jun/2016 21:30:04] INFO [login.views:1031] User rchoi@akamai.com searched for chirag/ch1/5000k
[06/Jun/2016 21:30:12] INFO [login.views:1031] User rchoi@akamai.com searched for chirag/ch1/6000k
[06/Jun/2016 21:30:18] INFO [login.views:1031] User rchoi@akamai.com searched for chirag/ch1/4500k
[06/Jun/2016 21:32:48] INFO [login.views:1031] User rchoi@akamai.com searched for chirag/ch1/5000k
[06/Jun/2016 21:32:53] INFO [login.views:1031] User rchoi@akamai.com searched for chirag/ch1/5000k
[06/Jun/2016 21:32:59] INFO [login.views:1031] User rchoi@akamai.com searched for chirag/ch1/6000k
[06/Jun/2016 21:33:04] INFO [login.views:1031] User rchoi@akamai.com searched for chirag/ch1/4500k
[06/Jun/2016 21:33:08] INFO [login.views:1031] User rchoi@akamai.com searched for chirag/ch1/abr
[06/Jun/2016 21:33:48] INFO [login.views:1031] User rchoi@akamai.com searched for chirag/ch1/5000k
[06/Jun/2016 21:33:58] INFO [login.views:1031] User rchoi@akamai.com searched for chirag/ch1/6000k
[06/Jun/2016 21:34:02] INFO [login.views:1031] User rchoi@akamai.com searched for chirag/ch1/4500k
[06/Jun/2016 21:34:07] INFO [login.views:1031] User rchoi@akamai.com searched for chirag/ch1/abr
[06/Jun/2016 21:34:33] INFO [login.views:704] User rchoi@akamai.com searched for chirag/ch1/4500k
[06/Jun/2016 21:34:47] INFO [login.views:704] User rchoi@akamai.com searched for chirag/ch1/4500k
[06/Jun/2016 21:34:57] INFO [login.views:704] User rchoi@akamai.com searched for chirag/ch1/5000k
[06/Jun/2016 21:35:08] INFO [login.views:1031] User rchoi@akamai.com searched for chirag/ch1/5000k
[06/Jun/2016 21:35:12] INFO [login.views:1031] User rchoi@akamai.com searched for chirag/ch1/abr
[06/Jun/2016 21:35:16] INFO [login.views:1031] User rchoi@akamai.com searched for chirag/ch1/5000k
[06/Jun/2016 21:35:21] INFO [login.views:1031] User rchoi@akamai.com searched for chirag/ch1/4500k
[06/Jun/2016 21:36:38] INFO [login.views:1031] User rchoi@akamai.com searched for tyler/live/stdmpegts/abr
[06/Jun/2016 21:36:44] INFO [login.views:1031] User rchoi@akamai.com searched for tyler/live/stdmpegts/500k
[06/Jun/2016 21:36:54] INFO [login.views:1031] User rchoi@akamai.com searched for tyler/live/stdflv/abr
[06/Jun/2016 21:37:13] INFO [login.views:1031] User rchoi@akamai.com searched for tyler/live/mpegts/500k
[06/Jun/2016 21:38:15] INFO [login.views:1031] User rchoi@akamai.com searched for tyler/live/stdmpegts/abr
[06/Jun/2016 21:38:20] INFO [login.views:1031] User rchoi@akamai.com searched for tyler/live/stdmpegts/500k
[06/Jun/2016 21:38:30] INFO [login.views:1031] User rchoi@akamai.com searched for tyler/live/mpegts/500k
[06/Jun/2016 21:38:36] INFO [login.views:1031] User rchoi@akamai.com searched for tyler/live/flv/tyarbtest/abr
[06/Jun/2016 21:38:45] INFO [login.views:1031] User rchoi@akamai.com searched for tyler/live/flv/tyarbtest/abr
[06/Jun/2016 21:39:56] INFO [login.views:1031] User rchoi@akamai.com searched for akamai1test/ch1/200k
[06/Jun/2016 21:40:02] INFO [login.views:1031] User rchoi@akamai.com searched for akamai1test/ch1/200k/b
[06/Jun/2016 21:42:19] INFO [login.views:1031] User rchoi@akamai.com searched for akamai1test/ch1/200k
[06/Jun/2016 21:42:24] INFO [login.views:1031] User rchoi@akamai.com searched for akamai1test/ch1/200k/b
[06/Jun/2016 21:42:30] INFO [login.views:1031] User rchoi@akamai.com searched for akamai1test/ch1/300k/b
[06/Jun/2016 21:42:52] INFO [login.views:704] User rchoi@akamai.com searched for akamai1test/ch1/200k
[06/Jun/2016 21:43:05] INFO [login.views:1031] User rchoi@akamai.com searched for akamai1test/ch1/200k
[06/Jun/2016 21:43:11] INFO [login.views:1031] User rchoi@akamai.com searched for atest/live/201k
[06/Jun/2016 21:43:30] INFO [login.views:1031] User rchoi@akamai.com searched for akamai1test/ch1/200k/b
[06/Jun/2016 21:44:02] INFO [login.views:1031] User rchoi@akamai.com searched for chirag/ch1/5000k
[06/Jun/2016 21:44:06] INFO [login.views:1031] User rchoi@akamai.com searched for chirag/ch1/5000k
[06/Jun/2016 21:45:10] INFO [login.views:704] User rchoi@akamai.com searched for akamai1test/ch1/200k
[06/Jun/2016 21:45:55] INFO [login.views:704] User rchoi@akamai.com searched for akamai1test/ch1/200k
[06/Jun/2016 21:46:49] INFO [login.views:1031] User rchoi@akamai.com searched for chirag/4feb/200k
[06/Jun/2016 21:46:53] INFO [login.views:1031] User rchoi@akamai.com searched for chirag/4feb/live/300k
[06/Jun/2016 21:47:29] INFO [login.views:1031] User rchoi@akamai.com searched for akamai1test/ch1/200k
[06/Jun/2016 21:47:49] INFO [login.views:704] User rchoi@akamai.com searched for chirag/ch1/5000k
[06/Jun/2016 21:47:54] INFO [login.views:1031] User rchoi@akamai.com searched for chirag/ch1/5000k
[06/Jun/2016 21:48:03] INFO [login.views:704] User rchoi@akamai.com searched for chirag/ch1/5000k
[06/Jun/2016 21:51:22] INFO [login.views:704] User rchoi@akamai.com searched for bwpass/live/chirag/200k
[06/Jun/2016 21:51:35] INFO [login.views:704] User rchoi@akamai.com searched for bwpass/live/chirag/200k
[06/Jun/2016 22:00:38] INFO [login.views:704] User rchoi@akamai.com searched for bwpass/live/chirag/200k
[06/Jun/2016 22:00:46] INFO [login.views:704] User rchoi@akamai.com searched for bwpass/live/chirag/203k
[06/Jun/2016 22:00:52] INFO [login.views:704] User rchoi@akamai.com searched for bwpass/live/chirag/209k
[06/Jun/2016 22:02:45] INFO [login.views:704] User rchoi@akamai.com searched for chirag/ch1/5000k
[06/Jun/2016 22:02:52] INFO [login.views:704] User rchoi@akamai.com searched for chirag/ch1/5000k
[06/Jun/2016 22:03:14] INFO [login.views:704] User rchoi@akamai.com searched for bwpass/live/chirag/203k
[06/Jun/2016 22:04:06] INFO [login.views:704] User rchoi@akamai.com searched for bwpass/live/chirag/211k
[06/Jun/2016 22:04:54] INFO [login.views:704] User rchoi@akamai.com searched for bwpass/live/chirag/200k
[06/Jun/2016 22:05:04] INFO [login.views:704] User rchoi@akamai.com searched for chirag/ch1/5000k
[06/Jun/2016 22:05:56] INFO [login.views:1031] User rchoi@akamai.com searched for chirag/ch1/5000k
[06/Jun/2016 22:06:01] INFO [login.views:1031] User rchoi@akamai.com searched for chirag/ch1/5000k
[06/Jun/2016 22:06:05] INFO [login.views:704] User rchoi@akamai.com searched for chirag/ch1/5000k
[06/Jun/2016 22:07:35] INFO [login.views:704] User rchoi@akamai.com searched for chirag/ch1/5000k
[06/Jun/2016 22:08:22] INFO [login.views:704] User rchoi@akamai.com searched for chirag/ch1/5000k
[06/Jun/2016 22:08:53] INFO [login.views:704] User rchoi@akamai.com searched for chirag/ch1/5000k
[06/Jun/2016 22:09:18] INFO [login.views:704] User rchoi@akamai.com searched for chirag/ch1/5000k
[06/Jun/2016 22:09:44] INFO [login.views:704] User rchoi@akamai.com searched for chirag/ch1/5000k
[06/Jun/2016 22:10:20] INFO [login.views:704] User rchoi@akamai.com searched for bwpass/live/chirag/200k
[06/Jun/2016 22:40:12] INFO [login.views:1031] User rchoi@akamai.com searched for chirag/ch1/5000k
[06/Jun/2016 22:40:17] INFO [login.views:1031] User rchoi@akamai.com searched for chirag/ch1/5000k
[06/Jun/2016 22:40:30] INFO [login.views:1031] User rchoi@akamai.com searched for chirag/ch1/5000k
[06/Jun/2016 22:42:28] INFO [login.views:1031] User rchoi@akamai.com searched for chirag/ch1/5000k
[06/Jun/2016 22:42:59] INFO [login.views:1031] User rchoi@akamai.com searched for chirag/ch1/5000k
[06/Jun/2016 22:43:38] INFO [login.views:1031] User rchoi@akamai.com searched for akamai1test/ch1/300k/a
[07/Jun/2016 11:50:53] INFO [login.views:1031] User rchoi@akamai.com searched for chirag/ch1/5000k
[07/Jun/2016 11:51:08] INFO [login.views:704] User rchoi@akamai.com searched for chirag/ch1/5000k
[07/Jun/2016 11:51:19] INFO [login.views:1031] User rchoi@akamai.com searched for chirag/ch1/5000k
[07/Jun/2016 11:54:39] INFO [login.views:704] User rchoi@akamai.com searched for chirag/ch1/5000k
[07/Jun/2016 11:56:36] INFO [login.views:704] User rchoi@akamai.com searched for chirag/ch1/5000k
[07/Jun/2016 11:58:03] INFO [login.views:704] User rchoi@akamai.com searched for chirag/ch1/5000k
[07/Jun/2016 12:05:35] INFO [login.views:704] User rchoi@akamai.com searched for chirag/ch1/5000k
[07/Jun/2016 12:06:00] INFO [login.views:704] User rchoi@akamai.com searched for chirag/ch1/5000k
[07/Jun/2016 12:07:06] INFO [login.views:704] User rchoi@akamai.com searched for chirag/ch1/5000k
[07/Jun/2016 12:07:16] INFO [login.views:704] User rchoi@akamai.com searched for chirag/ch1/5000k
[07/Jun/2016 12:08:24] INFO [login.views:704] User rchoi@akamai.com searched for chirag/ch1/5000k
[07/Jun/2016 12:08:59] INFO [login.views:704] User rchoi@akamai.com searched for chirag/ch1/5000k
[07/Jun/2016 12:09:38] INFO [login.views:704] User rchoi@akamai.com searched for chirag/ch1/5000k
[07/Jun/2016 12:10:14] INFO [login.views:704] User rchoi@akamai.com searched for chirag/ch1/5000k
[07/Jun/2016 12:15:37] INFO [login.views:704] User rchoi@akamai.com searched for chirag/ch1/5000k
[07/Jun/2016 12:15:56] INFO [login.views:704] User rchoi@akamai.com searched for chirag/ch1/5000k
[07/Jun/2016 12:16:34] INFO [login.views:704] User rchoi@akamai.com searched for chirag/ch1/5000k
[07/Jun/2016 12:18:28] INFO [login.views:704] User rchoi@akamai.com searched for chirag/ch1/5000k
[07/Jun/2016 12:20:13] INFO [login.views:704] User rchoi@akamai.com searched for chirag/ch1/5000k
[07/Jun/2016 12:21:16] INFO [login.views:704] User rchoi@akamai.com searched for chirag/ch1/5000k
[07/Jun/2016 12:22:30] INFO [login.views:704] User rchoi@akamai.com searched for chirag/ch1/5000k
[07/Jun/2016 12:22:37] INFO [login.views:1031] User rchoi@akamai.com searched for chirag/ch1/5000k
[07/Jun/2016 12:22:57] INFO [login.views:704] User rchoi@akamai.com searched for chirag/ch1/5000k
[07/Jun/2016 12:24:20] INFO [login.views:704] User rchoi@akamai.com searched for chirag/ch1/5000k
[07/Jun/2016 12:24:44] INFO [login.views:704] User rchoi@akamai.com searched for chirag/ch1/5000k
[07/Jun/2016 12:24:59] INFO [login.views:704] User rchoi@akamai.com searched for chirag/ch1/5000k
[07/Jun/2016 12:26:59] INFO [login.views:704] User rchoi@akamai.com searched for chirag/ch1/5000k
[07/Jun/2016 12:28:10] INFO [login.views:704] User rchoi@akamai.com searched for chirag/ch1/5000k
[07/Jun/2016 12:28:45] INFO [login.views:704] User rchoi@akamai.com searched for chirag/ch1/5000k
[07/Jun/2016 12:29:03] INFO [login.views:704] User rchoi@akamai.com searched for chirag/ch1/5000k
[07/Jun/2016 12:29:13] INFO [login.views:704] User rchoi@akamai.com searched for akamai1test/ch1/abr
[07/Jun/2016 12:29:22] INFO [login.views:704] User rchoi@akamai.com searched for akamai1test/ch1/abr
[07/Jun/2016 12:29:36] INFO [login.views:1031] User rchoi@akamai.com searched for akamai1test/ch1/abr
[07/Jun/2016 12:30:38] INFO [login.views:1031] User rchoi@akamai.com searched for akamai1test/ch1/abr
[07/Jun/2016 12:31:29] INFO [login.views:1031] User rchoi@akamai.com searched for akamai1test/ch1/abr
[07/Jun/2016 12:31:34] INFO [login.views:1031] User rchoi@akamai.com searched for atest/live/cb1/abr
[07/Jun/2016 12:32:11] INFO [login.views:1031] User rchoi@akamai.com searched for akamai1test/ch1/abr
[07/Jun/2016 12:33:24] INFO [login.views:1031] User rchoi@akamai.com searched for akamai1test/ch1/abr
[07/Jun/2016 12:33:41] INFO [login.views:1031] User rchoi@akamai.com searched for akamai1test/ch1/abr
[07/Jun/2016 12:33:58] INFO [login.views:1031] User rchoi@akamai.com searched for atest/live/cbW/abr
[07/Jun/2016 12:38:28] INFO [login.views:704] User rchoi@akamai.com searched for chirag/ch1/5000k
[07/Jun/2016 12:38:35] INFO [login.views:704] User rchoi@akamai.com searched for chirag/ch1/5000k
[07/Jun/2016 12:38:49] INFO [login.views:704] User rchoi@akamai.com searched for chirag/ch1/5000k
[07/Jun/2016 12:39:51] INFO [login.views:704] User rchoi@akamai.com searched for chirag/ch1/5000k
[07/Jun/2016 12:40:55] INFO [login.views:704] User rchoi@akamai.com searched for chirag/ch1/5000k
[07/Jun/2016 12:41:02] INFO [login.views:704] User rchoi@akamai.com searched for chirag/ch1/5000k
[07/Jun/2016 12:41:08] INFO [login.views:704] User rchoi@akamai.com searched for chirag/ch1/5000k
[07/Jun/2016 12:41:30] INFO [login.views:704] User rchoi@akamai.com searched for chirag/ch1/5000k
[07/Jun/2016 12:41:42] INFO [login.views:704] User rchoi@akamai.com searched for chirag/ch1/5000k
[07/Jun/2016 12:44:18] INFO [login.views:704] User rchoi@akamai.com searched for chirag/ch1/5000k
[07/Jun/2016 12:44:25] INFO [login.views:704] User rchoi@akamai.com searched for chirag/ch1/5000k
[07/Jun/2016 12:45:03] INFO [login.views:704] User rchoi@akamai.com searched for chirag/ch1/5000k
[07/Jun/2016 12:45:09] INFO [login.views:704] User rchoi@akamai.com searched for chirag/ch1/5000k
[07/Jun/2016 12:46:04] INFO [login.views:704] User rchoi@akamai.com searched for chirag/ch1/5000k
[07/Jun/2016 12:46:42] INFO [login.views:704] User rchoi@akamai.com searched for chirag/ch1/5000k
[07/Jun/2016 12:47:04] INFO [login.views:704] User rchoi@akamai.com searched for chirag/ch1/5000k
[07/Jun/2016 12:47:15] INFO [login.views:704] User rchoi@akamai.com searched for chirag/ch1/5000k
[07/Jun/2016 12:49:17] INFO [login.views:1031] User rchoi@akamai.com searched for chirag/ch1/5000k
[07/Jun/2016 13:35:56] INFO [login.views:704] User rchoi@akamai.com searched for chirag/ch1/5000k
[07/Jun/2016 13:36:07] INFO [login.views:704] User rchoi@akamai.com searched for chirag/ch1/5000k
[07/Jun/2016 13:36:29] INFO [login.views:704] User rchoi@akamai.com searched for chirag/ch1/5000k
[07/Jun/2016 13:36:40] INFO [login.views:704] User rchoi@akamai.com searched for chirag/ch1/5000k
[07/Jun/2016 15:58:21] INFO [login.views:1031] User rchoi@akamai.com searched for chirag/ch1/5000k
[07/Jun/2016 16:02:55] INFO [login.views:1031] User rchoi@akamai.com searched for chirag/ch1/5000k
[07/Jun/2016 16:03:11] INFO [login.views:1031] User rchoi@akamai.com searched for chirag/ch1/5000k
[07/Jun/2016 16:04:24] INFO [login.views:1031] User rchoi@akamai.com searched for chirag/ch1/5000k
[07/Jun/2016 16:04:41] INFO [login.views:1031] User rchoi@akamai.com searched for chirag/ch1/5000k
[07/Jun/2016 16:05:03] INFO [login.views:1031] User rchoi@akamai.com searched for chirag/ch1/5000k
[07/Jun/2016 16:05:16] INFO [login.views:1031] User rchoi@akamai.com searched for chirag/ch1/5000k
[07/Jun/2016 16:06:29] INFO [login.views:1031] User rchoi@akamai.com searched for chirag/ch1/5000k
[07/Jun/2016 16:07:16] INFO [login.views:1031] User rchoi@akamai.com searched for chirag/ch1/5000k
[07/Jun/2016 16:07:21] INFO [login.views:1031] User rchoi@akamai.com searched for chirag/ch1/5000k
[07/Jun/2016 16:07:48] INFO [login.views:1031] User rchoi@akamai.com searched for chirag/ch1/5000k
[07/Jun/2016 16:07:53] INFO [login.views:1031] User rchoi@akamai.com searched for chirag/ch1/5000k
[07/Jun/2016 16:08:58] INFO [login.views:1031] User rchoi@akamai.com searched for chirag/ch1/5000k
[07/Jun/2016 16:10:01] INFO [login.views:1031] User rchoi@akamai.com searched for chirag/ch1/5000k
[07/Jun/2016 16:10:11] INFO [login.views:1031] User rchoi@akamai.com searched for chirag/ch1/5000k
[07/Jun/2016 16:11:19] INFO [login.views:1031] User rchoi@akamai.com searched for chirag/ch1/5000k
[07/Jun/2016 16:11:34] INFO [login.views:1031] User rchoi@akamai.com searched for chirag/ch1/5000k
[07/Jun/2016 16:11:36] INFO [login.views:1031] User rchoi@akamai.com searched for chirag/ch1/5000k
[07/Jun/2016 16:12:22] INFO [login.views:1031] User rchoi@akamai.com searched for chirag/ch1/5000k
[07/Jun/2016 17:18:50] INFO [login.views:1031] User rchoi@akamai.com searched for chirag/ch1/5000k
[07/Jun/2016 17:19:50] INFO [login.views:1031] User rchoi@akamai.com searched for chirag/ch1/5000k
[07/Jun/2016 17:20:56] INFO [login.views:1031] User rchoi@akamai.com searched for chirag/ch1/5000k
[07/Jun/2016 17:21:16] INFO [login.views:1031] User rchoi@akamai.com searched for chirag/ch1/5000k
[07/Jun/2016 17:22:16] INFO [login.views:1031] User rchoi@akamai.com searched for chirag/ch1/5000k
[07/Jun/2016 17:22:33] INFO [login.views:1031] User rchoi@akamai.com searched for dev/live/ams/ingest/500k
[07/Jun/2016 17:22:49] INFO [login.views:1031] User rchoi@akamai.com searched for jonasl/live/forwardtest
[07/Jun/2016 17:23:17] INFO [login.views:1031] User rchoi@akamai.com searched for example/nonstandard/forward
[07/Jun/2016 17:23:43] INFO [login.views:1031] User rchoi@akamai.com searched for example/nonstandard/forward
[07/Jun/2016 17:24:51] INFO [login.views:1031] User rchoi@akamai.com searched for example/nonstandard/forward
[07/Jun/2016 17:25:12] INFO [login.views:1031] User rchoi@akamai.com searched for example/nonstandard/forward
[07/Jun/2016 17:30:41] INFO [login.views:1031] User rchoi@akamai.com searched for example/nonstandard/forward
[07/Jun/2016 17:33:10] INFO [login.views:1031] User rchoi@akamai.com searched for chirag/ch1/5000k
[07/Jun/2016 17:33:43] INFO [login.views:1031] User rchoi@akamai.com searched for chirag/ch1/5000k
[07/Jun/2016 17:34:32] INFO [login.views:1031] User rchoi@akamai.com searched for chirag/ch1/5000k
[07/Jun/2016 17:35:16] INFO [login.views:1031] User rchoi@akamai.com searched for chirag/ch1/5000k
[07/Jun/2016 17:35:48] INFO [login.views:1031] User rchoi@akamai.com searched for chirag/ch1/5000k
[07/Jun/2016 17:36:28] INFO [login.views:1031] User rchoi@akamai.com searched for chirag/ch1/5000k
[07/Jun/2016 17:36:44] INFO [login.views:1031] User rchoi@akamai.com searched for chirag/ch1/5000k
[07/Jun/2016 17:38:08] INFO [login.views:1031] User rchoi@akamai.com searched for chirag/ch1/5000k
[07/Jun/2016 17:38:37] INFO [login.views:1031] User rchoi@akamai.com searched for chirag/ch1/5000k
[07/Jun/2016 17:38:48] INFO [login.views:1031] User rchoi@akamai.com searched for chirag/ch1/5000k
[07/Jun/2016 17:39:10] INFO [login.views:1031] User rchoi@akamai.com searched for chirag/ch1/5000k
[07/Jun/2016 17:39:46] INFO [login.views:1031] User rchoi@akamai.com searched for tyler/live/stdmpegts/abr
[07/Jun/2016 17:40:24] INFO [login.views:1031] User rchoi@akamai.com searched for akamai1test/ch1/200k/a
[07/Jun/2016 17:41:10] INFO [login.views:1031] User rchoi@akamai.com searched for akamai1test/ch1/200k/a
[07/Jun/2016 17:42:16] INFO [login.views:1031] User rchoi@akamai.com searched for tyler/live/stdmpegts/abr
[07/Jun/2016 17:43:31] INFO [login.views:1031] User rchoi@akamai.com searched for chirag/ch1/5000k
[07/Jun/2016 17:44:04] INFO [login.views:1031] User csukhija@akamai.com searched for chirag/ch1/4500k
[07/Jun/2016 17:45:24] INFO [login.views:1027] User csukhija@akamai.com searched for chirag/ch1/4500k
[07/Jun/2016 17:45:43] INFO [login.views:1027] User csukhija@akamai.com searched for chirag/ch1/4500k
[07/Jun/2016 17:46:22] INFO [login.views:1030] User csukhija@akamai.com searched for chirag/ch1/4500k
[07/Jun/2016 17:46:32] INFO [login.views:1030] User csukhija@akamai.com searched for chirag/ch1/6000k
[07/Jun/2016 17:46:36] INFO [login.views:1030] User csukhija@akamai.com searched for chirag/ch1/abr
[07/Jun/2016 17:48:04] INFO [login.views:1030] User rchoi@akamai.com searched for chirag/ch1/5000k
[07/Jun/2016 17:48:11] INFO [login.views:1030] User rchoi@akamai.com searched for chirag/ch1/5000k
[07/Jun/2016 17:49:10] INFO [login.views:1031] User rchoi@akamai.com searched for chirag/ch1/5000k
[07/Jun/2016 17:50:15] INFO [login.views:1031] User rchoi@akamai.com searched for chirag/ch1/5000k
[07/Jun/2016 17:51:08] INFO [login.views:1031] User rchoi@akamai.com searched for chirag/ch1/5000k
[07/Jun/2016 17:54:23] INFO [login.views:1031] User rchoi@akamai.com searched for chirag/ch1/5000k
[07/Jun/2016 17:58:50] INFO [login.views:1033] User rchoi@akamai.com searched for chirag/ch1/5000k
[07/Jun/2016 17:59:05] INFO [login.views:1033] User rchoi@akamai.com searched for chirag/ch1/5000k
[07/Jun/2016 17:59:16] INFO [login.views:1033] User rchoi@akamai.com searched for chirag/ch1/5000k
[07/Jun/2016 17:59:56] INFO [login.views:1033] User rchoi@akamai.com searched for chirag/ch1/5000k
[07/Jun/2016 18:09:37] INFO [login.views:1033] User rchoi@akamai.com searched for akamai1test/ch1/200k
[07/Jun/2016 18:10:16] INFO [login.views:1033] User rchoi@akamai.com searched for chirag/ch1/5000k
[07/Jun/2016 18:10:37] INFO [login.views:1033] User rchoi@akamai.com searched for chirag/ch1/5000k
[07/Jun/2016 18:26:08] INFO [login.views:1034] User rchoi@akamai.com searched for chirag/ch1/5000k
[07/Jun/2016 18:26:47] INFO [login.views:1034] User rchoi@akamai.com searched for chirag/ch1/5000k
[07/Jun/2016 18:33:46] INFO [login.views:1034] User rchoi@akamai.com searched for chirag/ch1/5000k
[07/Jun/2016 18:36:13] INFO [login.views:1034] User rchoi@akamai.com searched for chirag/ch1/5000k
[07/Jun/2016 18:38:29] INFO [login.views:1034] User rchoi@akamai.com searched for chirag/ch1/5000k
[07/Jun/2016 18:38:39] INFO [login.views:1034] User rchoi@akamai.com searched for chirag/ch1/5000k
[07/Jun/2016 18:39:15] INFO [login.views:1034] User rchoi@akamai.com searched for chirag/ch1/5000k
[07/Jun/2016 18:50:57] INFO [login.views:1036] User rchoi@akamai.com searched for chirag/ch1/5000k
[07/Jun/2016 18:51:05] INFO [login.views:1036] User rchoi@akamai.com searched for chirag/ch1/5000k
[07/Jun/2016 18:51:41] INFO [login.views:1036] User rchoi@akamai.com searched for chirag/ch1/5000k
[07/Jun/2016 18:52:44] INFO [login.views:1037] User rchoi@akamai.com searched for chirag/ch1/5000k
[07/Jun/2016 19:07:15] INFO [login.views:1033] User rchoi@akamai.com searched for chirag/ch1/5000k
[08/Jun/2016 13:23:13] INFO [login.views:1033] User csukhija@akamai.com searched for chirag/ch1/5000k
[08/Jun/2016 13:46:48] INFO [login.views:1036] User csukhija@akamai.com searched for chirag/ch1/5000k
[08/Jun/2016 13:47:19] INFO [login.views:1036] User csukhija@akamai.com searched for chirag/ch1/5000k
[08/Jun/2016 13:47:42] INFO [login.views:1036] User csukhija@akamai.com searched for chirag/ch1/5000k
[08/Jun/2016 13:47:55] INFO [login.views:1036] User csukhija@akamai.com searched for chirag/ch1/5000k
[08/Jun/2016 13:48:20] INFO [login.views:1036] User csukhija@akamai.com searched for chirag/ch1/5000k
[08/Jun/2016 13:48:49] INFO [login.views:1036] User csukhija@akamai.com searched for chirag/ch1/5000k
